{"/Users/bretthuffman/Documents/Summertime/Clients/Principia/324-WebDev/Class/JSAdv/vehicle_proto.js": {"path":"/Users/bretthuffman/Documents/Summertime/Clients/Principia/324-WebDev/Class/JSAdv/vehicle_proto.js","statementMap":{"0":{"start":{"line":9,"column":4},"end":{"line":9,"column":21}},"1":{"start":{"line":10,"column":4},"end":{"line":10,"column":21}},"2":{"start":{"line":13,"column":0},"end":{"line":19,"column":2}},"3":{"start":{"line":14,"column":4},"end":{"line":18,"column":7}},"4":{"start":{"line":15,"column":8},"end":{"line":17,"column":17}},"5":{"start":{"line":16,"column":11},"end":{"line":16,"column":37}},"6":{"start":{"line":21,"column":0},"end":{"line":21,"column":29}}},"fnMap":{"0":{"name":"Vehicle","decl":{"start":{"line":8,"column":9},"end":{"line":8,"column":16}},"loc":{"start":{"line":8,"column":29},"end":{"line":11,"column":1}},"line":8},"1":{"name":"(anonymous_1)","decl":{"start":{"line":13,"column":32},"end":{"line":13,"column":33}},"loc":{"start":{"line":13,"column":43},"end":{"line":19,"column":1}},"line":13},"2":{"name":"(anonymous_2)","decl":{"start":{"line":14,"column":23},"end":{"line":14,"column":24}},"loc":{"start":{"line":14,"column":36},"end":{"line":18,"column":5}},"line":14},"3":{"name":"(anonymous_3)","decl":{"start":{"line":15,"column":19},"end":{"line":15,"column":20}},"loc":{"start":{"line":15,"column":25},"end":{"line":17,"column":9}},"line":15}},"branchMap":{},"s":{"0":2,"1":2,"2":1,"3":1,"4":1,"5":1,"6":1},"f":{"0":2,"1":1,"2":1,"3":1},"b":{},"_coverageSchema":"1a1c01bbd47fc00a2c39e90264f33305004495a9","hash":"07315c5aed3f368e89f55092084382b9ed21d388"}
}
